CRITICAL - 2022-12-16 04:29:56 --> Call to a member function get() on null
in APPPATH\Controllers\HotlierController.php on line 14.
 1 SYSTEMPATH\CodeIgniter.php(926): App\Controllers\HotlierController->_remap('dashboard')
 2 SYSTEMPATH\CodeIgniter.php(482): CodeIgniter\CodeIgniter->runController(Object(App\Controllers\HotlierController))
 3 SYSTEMPATH\CodeIgniter.php(351): CodeIgniter\CodeIgniter->handleRequest(null, Object(Config\Cache), false)
 4 FCPATH\index.php(67): CodeIgniter\CodeIgniter->run()
CRITICAL - 2022-12-16 04:34:57 --> Invalid file: auth/login.php
in SYSTEMPATH\Exceptions\FrameworkException.php on line 33.
 1 SYSTEMPATH\View\View.php(201): CodeIgniter\Exceptions\FrameworkException::forInvalidFile('auth/login.php')
 2 SYSTEMPATH\Common.php(1134): CodeIgniter\View\View->render('auth/login', [], true)
 3 APPPATH\Controllers\AuthController.php(79): view('auth/login', [...])
 4 APPPATH\Controllers\AuthController.php(46): App\Controllers\AuthController->view('login', [...])
 5 APPPATH\Controllers\AuthController.php(14): App\Controllers\AuthController->login(null, null, null)
 6 SYSTEMPATH\CodeIgniter.php(926): App\Controllers\AuthController->_remap('login')
 7 SYSTEMPATH\CodeIgniter.php(482): CodeIgniter\CodeIgniter->runController(Object(App\Controllers\AuthController))
 8 SYSTEMPATH\CodeIgniter.php(351): CodeIgniter\CodeIgniter->handleRequest(null, Object(Config\Cache), false)
 9 FCPATH\index.php(67): CodeIgniter\CodeIgniter->run()
CRITICAL - 2022-12-16 04:35:03 --> Invalid file: auth/login.php
in SYSTEMPATH\Exceptions\FrameworkException.php on line 33.
 1 SYSTEMPATH\View\View.php(201): CodeIgniter\Exceptions\FrameworkException::forInvalidFile('auth/login.php')
 2 SYSTEMPATH\Common.php(1134): CodeIgniter\View\View->render('auth/login', [], true)
 3 APPPATH\Controllers\AuthController.php(79): view('auth/login', [...])
 4 APPPATH\Controllers\AuthController.php(46): App\Controllers\AuthController->view('login', [...])
 5 APPPATH\Controllers\AuthController.php(14): App\Controllers\AuthController->login(null, null, null)
 6 SYSTEMPATH\CodeIgniter.php(926): App\Controllers\AuthController->_remap('login')
 7 SYSTEMPATH\CodeIgniter.php(482): CodeIgniter\CodeIgniter->runController(Object(App\Controllers\AuthController))
 8 SYSTEMPATH\CodeIgniter.php(351): CodeIgniter\CodeIgniter->handleRequest(null, Object(Config\Cache), false)
 9 FCPATH\index.php(67): CodeIgniter\CodeIgniter->run()
CRITICAL - 2022-12-16 04:37:15 --> Invalid file: auth/login.php
in SYSTEMPATH\Exceptions\FrameworkException.php on line 33.
 1 SYSTEMPATH\View\View.php(201): CodeIgniter\Exceptions\FrameworkException::forInvalidFile('auth/login.php')
 2 SYSTEMPATH\Common.php(1134): CodeIgniter\View\View->render('auth/login', [], true)
 3 APPPATH\Controllers\AuthController.php(79): view('auth/login', [...])
 4 APPPATH\Controllers\AuthController.php(74): App\Controllers\AuthController->view('login', [...])
 5 APPPATH\Controllers\AuthController.php(14): App\Controllers\AuthController->index(null, null, null)
 6 SYSTEMPATH\CodeIgniter.php(926): App\Controllers\AuthController->_remap('index')
 7 SYSTEMPATH\CodeIgniter.php(482): CodeIgniter\CodeIgniter->runController(Object(App\Controllers\AuthController))
 8 SYSTEMPATH\CodeIgniter.php(351): CodeIgniter\CodeIgniter->handleRequest(null, Object(Config\Cache), false)
 9 FCPATH\index.php(67): CodeIgniter\CodeIgniter->run()
CRITICAL - 2022-12-16 04:37:18 --> Invalid file: auth/login.php
in SYSTEMPATH\Exceptions\FrameworkException.php on line 33.
 1 SYSTEMPATH\View\View.php(201): CodeIgniter\Exceptions\FrameworkException::forInvalidFile('auth/login.php')
 2 SYSTEMPATH\Common.php(1134): CodeIgniter\View\View->render('auth/login', [], true)
 3 APPPATH\Controllers\AuthController.php(79): view('auth/login', [...])
 4 APPPATH\Controllers\AuthController.php(46): App\Controllers\AuthController->view('login', [...])
 5 APPPATH\Controllers\AuthController.php(14): App\Controllers\AuthController->siginin(null, null, null)
 6 SYSTEMPATH\CodeIgniter.php(926): App\Controllers\AuthController->_remap('siginin')
 7 SYSTEMPATH\CodeIgniter.php(482): CodeIgniter\CodeIgniter->runController(Object(App\Controllers\AuthController))
 8 SYSTEMPATH\CodeIgniter.php(351): CodeIgniter\CodeIgniter->handleRequest(null, Object(Config\Cache), false)
 9 FCPATH\index.php(67): CodeIgniter\CodeIgniter->run()
CRITICAL - 2022-12-16 04:37:18 --> Invalid file: auth/login.php
in SYSTEMPATH\Exceptions\FrameworkException.php on line 33.
 1 SYSTEMPATH\View\View.php(201): CodeIgniter\Exceptions\FrameworkException::forInvalidFile('auth/login.php')
 2 SYSTEMPATH\Common.php(1134): CodeIgniter\View\View->render('auth/login', [], true)
 3 APPPATH\Controllers\AuthController.php(79): view('auth/login', [...])
 4 APPPATH\Controllers\AuthController.php(46): App\Controllers\AuthController->view('login', [...])
 5 APPPATH\Controllers\AuthController.php(14): App\Controllers\AuthController->siginin(null, null, null)
 6 SYSTEMPATH\CodeIgniter.php(926): App\Controllers\AuthController->_remap('siginin')
 7 SYSTEMPATH\CodeIgniter.php(482): CodeIgniter\CodeIgniter->runController(Object(App\Controllers\AuthController))
 8 SYSTEMPATH\CodeIgniter.php(351): CodeIgniter\CodeIgniter->handleRequest(null, Object(Config\Cache), false)
 9 FCPATH\index.php(67): CodeIgniter\CodeIgniter->run()
CRITICAL - 2022-12-16 04:41:53 --> Constant expression contains invalid operations
in APPPATH\Controllers\AuthController.php on line 10.
 1 [internal function]: CodeIgniter\Debug\Exceptions->shutdownHandler()
CRITICAL - 2022-12-16 04:42:08 --> Constant expression contains invalid operations
in APPPATH\Controllers\AuthController.php on line 10.
 1 [internal function]: CodeIgniter\Debug\Exceptions->shutdownHandler()
CRITICAL - 2022-12-16 04:56:58 --> Invalid file: console/header.php
in SYSTEMPATH\Exceptions\FrameworkException.php on line 33.
 1 SYSTEMPATH\View\View.php(201): CodeIgniter\Exceptions\FrameworkException::forInvalidFile('console/header.php')
 2 SYSTEMPATH\Common.php(1134): CodeIgniter\View\View->render('console/header', [], true)
 3 APPPATH\Controllers\HotlierController.php(34): view('console/header', [])
 4 APPPATH\Controllers\HotlierController.php(29): App\Controllers\HotlierController->view('dashboard', [])
 5 APPPATH\Controllers\HotlierController.php(16): App\Controllers\HotlierController->dashboard(null, null, null)
 6 SYSTEMPATH\CodeIgniter.php(926): App\Controllers\HotlierController->_remap('dashboard')
 7 SYSTEMPATH\CodeIgniter.php(482): CodeIgniter\CodeIgniter->runController(Object(App\Controllers\HotlierController))
 8 SYSTEMPATH\CodeIgniter.php(351): CodeIgniter\CodeIgniter->handleRequest(null, Object(Config\Cache), false)
 9 FCPATH\index.php(67): CodeIgniter\CodeIgniter->run()
CRITICAL - 2022-12-16 04:57:30 --> Invalid file: hotlier/dashboard.php
in SYSTEMPATH\Exceptions\FrameworkException.php on line 33.
 1 SYSTEMPATH\View\View.php(201): CodeIgniter\Exceptions\FrameworkException::forInvalidFile('hotlier/dashboard.php')
 2 SYSTEMPATH\Common.php(1134): CodeIgniter\View\View->render('hotlier/dashboard', [], true)
 3 APPPATH\Controllers\HotlierController.php(35): view('hotlier/dashboard', [])
 4 APPPATH\Controllers\HotlierController.php(29): App\Controllers\HotlierController->view('dashboard', [])
 5 APPPATH\Controllers\HotlierController.php(16): App\Controllers\HotlierController->dashboard(null, null, null)
 6 SYSTEMPATH\CodeIgniter.php(926): App\Controllers\HotlierController->_remap('dashboard')
 7 SYSTEMPATH\CodeIgniter.php(482): CodeIgniter\CodeIgniter->runController(Object(App\Controllers\HotlierController))
 8 SYSTEMPATH\CodeIgniter.php(351): CodeIgniter\CodeIgniter->handleRequest(null, Object(Config\Cache), false)
 9 FCPATH\index.php(67): CodeIgniter\CodeIgniter->run()
CRITICAL - 2022-12-16 05:19:10 --> Call to a member function view() on null
in APPPATH\Controllers\HotlierController.php on line 46.
 1 APPPATH\Controllers\HotlierController.php(39): App\Controllers\HotlierController->view('dashboard', [...])
 2 APPPATH\Controllers\HotlierController.php(26): App\Controllers\HotlierController->dashboard(null, null, null)
 3 SYSTEMPATH\CodeIgniter.php(926): App\Controllers\HotlierController->_remap('dashboard')
 4 SYSTEMPATH\CodeIgniter.php(482): CodeIgniter\CodeIgniter->runController(Object(App\Controllers\HotlierController))
 5 SYSTEMPATH\CodeIgniter.php(351): CodeIgniter\CodeIgniter->handleRequest(null, Object(Config\Cache), false)
 6 FCPATH\index.php(67): CodeIgniter\CodeIgniter->run()
CRITICAL - 2022-12-16 05:26:32 --> Call to a member function view() on null
in APPPATH\Controllers\HotlierController.php on line 47.
 1 APPPATH\Controllers\HotlierController.php(40): App\Controllers\HotlierController->view('dashboard', [...])
 2 APPPATH\Controllers\HotlierController.php(27): App\Controllers\HotlierController->dashboard(null, null, null)
 3 SYSTEMPATH\CodeIgniter.php(926): App\Controllers\HotlierController->_remap('dashboard')
 4 SYSTEMPATH\CodeIgniter.php(482): CodeIgniter\CodeIgniter->runController(Object(App\Controllers\HotlierController))
 5 SYSTEMPATH\CodeIgniter.php(351): CodeIgniter\CodeIgniter->handleRequest(null, Object(Config\Cache), false)
 6 FCPATH\index.php(67): CodeIgniter\CodeIgniter->run()
